<?xml version="1.0" encoding="UTF-8"?>
<testsuite xmlns:xsi="http://www.w3.org/2001/XMLSchema-instance" xsi:noNamespaceSchemaLocation="https://maven.apache.org/surefire/maven-surefire-plugin/xsd/surefire-test-report-3.0.xsd" version="3.0" name="edu.tp1.simple.CalculatorLiteTest" time="0.134" tests="5" errors="0" skipped="0" failures="0">
  <properties>
[...]
</properties>
  <testcase name="divide_byZero_shouldThrow" classname="edu.tp1.simple.CalculatorLiteTest" time="0.073"/>
  <testcase name="divide_shouldDivideTwoNumbers_integerDivision" classname="edu.tp1.simple.CalculatorLiteTest" time="0.003"/>
  <testcase name="add_shouldSumTwoNumbers" classname="edu.tp1.simple.CalculatorLiteTest" time="0.002"/>
  <testcase name="multiply_shouldMultiplyTwoNumbers" classname="edu.tp1.simple.CalculatorLiteTest" time="0"/>
  <testcase name="subtract_shouldSubtractTwoNumbers" classname="edu.tp1.simple.CalculatorLiteTest" time="0.001"/>
</testsuite>